<?xml version="1.0" encoding="UTF-8"?>
<testsuite xmlns:xsi="http://www.w3.org/2001/XMLSchema-instance" xsi:noNamespaceSchemaLocation="https://maven.apache.org/surefire/maven-surefire-plugin/xsd/surefire-test-report-3.0.xsd" version="3.0" name="TestRunner.RunnerTest" time="33.544" tests="6" errors="0" skipped="0" failures="0">
  <properties>
[...]
</properties>
  <testcase name="Create personal user using HTTP POST Request" classname="Test End to End all Personal API Flow" time="7.628"/>
  <testcase name="retrieve personal user using HTTP GET Request #1" classname="Test End to End all Personal API Flow" time="5.127"/>
  <testcase name="update personal user using HTTP PUT Request" classname="Test End to End all Personal API Flow" time="5.129"/>
  <testcase name="retrieve personal user using HTTP GET Request #2" classname="Test End to End all Personal API Flow" time="5.141"/>
  <testcase name="delete personal user using HTTP DELETE Request" classname="Test End to End all Personal API Flow" time="5.041"/>
  <testcase name="Retrieve personal user using HTTP GET Request" classname="Test End to End all Personal API Flow" time="5.035"/>
</testsuite>